2017-12-12 11:07:51 [scrapy.utils.log] INFO: Scrapy 1.4.0 started (bot: pythree_scrapy)
2017-12-12 11:07:51 [scrapy.utils.log] INFO: Overridden settings: {'BOT_NAME': 'pythree_scrapy', 'LOG_FILE': 'logs\\pythree_scrapy\\ifengNew\\9ea6be36dee911e794f338b1dbc3838e.log', 'NEWSPIDER_MODULE': 'pythree_scrapy.spiders', 'SPIDER_MODULES': ['pythree_scrapy.spiders']}
2017-12-12 11:07:51 [scrapy.middleware] INFO: Enabled extensions:
['scrapy.extensions.corestats.CoreStats',
 'scrapy.extensions.telnet.TelnetConsole',
 'scrapy.extensions.logstats.LogStats']
2017-12-12 11:07:51 [scrapy.middleware] INFO: Enabled downloader middlewares:
['scrapy.downloadermiddlewares.httpauth.HttpAuthMiddleware',
 'scrapy.downloadermiddlewares.downloadtimeout.DownloadTimeoutMiddleware',
 'scrapy.downloadermiddlewares.defaultheaders.DefaultHeadersMiddleware',
 'scrapy.downloadermiddlewares.useragent.UserAgentMiddleware',
 'scrapy.downloadermiddlewares.retry.RetryMiddleware',
 'scrapy.downloadermiddlewares.redirect.MetaRefreshMiddleware',
 'scrapy.downloadermiddlewares.httpcompression.HttpCompressionMiddleware',
 'scrapy.downloadermiddlewares.redirect.RedirectMiddleware',
 'scrapy.downloadermiddlewares.cookies.CookiesMiddleware',
 'scrapy.downloadermiddlewares.httpproxy.HttpProxyMiddleware',
 'scrapy.downloadermiddlewares.stats.DownloaderStats']
2017-12-12 11:07:51 [scrapy.middleware] INFO: Enabled spider middlewares:
['scrapy.spidermiddlewares.httperror.HttpErrorMiddleware',
 'scrapy.spidermiddlewares.offsite.OffsiteMiddleware',
 'scrapy.spidermiddlewares.referer.RefererMiddleware',
 'scrapy.spidermiddlewares.urllength.UrlLengthMiddleware',
 'scrapy.spidermiddlewares.depth.DepthMiddleware']
2017-12-12 11:07:51 [twisted] CRITICAL: Unhandled error in Deferred:
2017-12-12 11:07:51 [twisted] CRITICAL: 
Traceback (most recent call last):
  File "D:\tangxuelin\Anaconda\lib\site-packages\twisted\internet\defer.py", line 1386, in _inlineCallbacks
    result = g.send(result)
  File "D:\tangxuelin\Anaconda\lib\site-packages\scrapy\crawler.py", line 77, in crawl
    self.engine = self._create_engine()
  File "D:\tangxuelin\Anaconda\lib\site-packages\scrapy\crawler.py", line 102, in _create_engine
    return ExecutionEngine(self, lambda _: self.stop())
  File "D:\tangxuelin\Anaconda\lib\site-packages\scrapy\core\engine.py", line 70, in __init__
    self.scraper = Scraper(crawler)
  File "D:\tangxuelin\Anaconda\lib\site-packages\scrapy\core\scraper.py", line 71, in __init__
    self.itemproc = itemproc_cls.from_crawler(crawler)
  File "D:\tangxuelin\Anaconda\lib\site-packages\scrapy\middleware.py", line 58, in from_crawler
    return cls.from_settings(crawler.settings, crawler)
  File "D:\tangxuelin\Anaconda\lib\site-packages\scrapy\middleware.py", line 38, in from_settings
    mw = mwcls.from_settings(settings)
  File "D:\tangxuelin\stutest\pythree_scrapy\pythree_scrapy\pipelines.py", line 38, in from_settings
    dbpool = adbapi.ConnectionPool('MySQLdb', **dbargs)
  File "D:\tangxuelin\Anaconda\lib\site-packages\twisted\enterprise\adbapi.py", line 211, in __init__
    self.dbapi = reflect.namedModule(dbapiName)
  File "D:\tangxuelin\Anaconda\lib\site-packages\twisted\python\reflect.py", line 159, in namedModule
    topLevel = __import__(name)
ModuleNotFoundError: No module named 'MySQLdb'
